Girl AA is committed to VAG at Mon Feb 27 00:52:35 2017

Girl AB is committed to VAA at Mon Feb 27 00:52:35 2017

Girl AC is committed to VAD at Mon Feb 27 00:52:35 2017

Girl AD is committed to VAJ at Mon Feb 27 00:52:35 2017

Girl AE is committed to VAE at Mon Feb 27 00:52:35 2017

Girl AF is committed to VAB at Mon Feb 27 00:52:35 2017

Girl AG is committed to VAM at Mon Feb 27 00:52:35 2017

Girl AH is committed to VAQ at Mon Feb 27 00:52:35 2017

Girl AI is committed to VAO at Mon Feb 27 00:52:35 2017

Girl AJ is committed to VBR at Mon Feb 27 00:52:35 2017

Girl AK is committed to VAF at Mon Feb 27 00:52:35 2017

Girl AL is committed to VAH at Mon Feb 27 00:52:35 2017

Girl AM is committed to VAU at Mon Feb 27 00:52:35 2017

Girl AN is committed to VAS at Mon Feb 27 00:52:35 2017

Girl AO is committed to VBN at Mon Feb 27 00:52:35 2017

Girl AP is committed to VAI at Mon Feb 27 00:52:35 2017

Girl AQ is committed to VAV at Mon Feb 27 00:52:35 2017

Girl AR is committed to VAL at Mon Feb 27 00:52:35 2017

Girl AS is committed to VAW at Mon Feb 27 00:52:35 2017

Girl AT is committed to VBW at Mon Feb 27 00:52:35 2017

Girl AU is committed to VAN at Mon Feb 27 00:52:35 2017

Girl AV is committed to VIL at Mon Feb 27 00:52:35 2017

Girl AW is committed to VCM at Mon Feb 27 00:52:35 2017

Girl AX is committed to VIP at Mon Feb 27 00:52:35 2017

Girl AY is committed to VAP at Mon Feb 27 00:52:35 2017

Girl AZ is committed to VAR at Mon Feb 27 00:52:35 2017

VAA gifted AB a gift worth 372 at Mon Feb 27 00:52:35 2017

VAA gifted AB a gift worth 541 at Mon Feb 27 00:52:35 2017

VAB gifted AF a gift worth 604 at Mon Feb 27 00:52:35 2017

VAD gifted AC a gift worth 681 at Mon Feb 27 00:52:35 2017

VAE gifted AE a gift worth 550 at Mon Feb 27 00:52:35 2017

VAE gifted AE a gift worth 633 at Mon Feb 27 00:52:35 2017

VAF gifted AK a gift worth 685 at Mon Feb 27 00:52:35 2017

VAG gifted AA a gift worth 482 at Mon Feb 27 00:52:35 2017

VAG gifted AA a gift worth 731 at Mon Feb 27 00:52:35 2017

VAH gifted AL a gift worth 520 at Mon Feb 27 00:52:35 2017

VAH gifted AL a gift worth 657 at Mon Feb 27 00:52:35 2017

VAI gifted AP a gift worth 277 at Mon Feb 27 00:52:35 2017

VAI gifted AP a gift worth 459 at Mon Feb 27 00:52:35 2017

VAJ gifted AD a gift worth 341 at Mon Feb 27 00:52:35 2017

VAJ gifted AD a gift worth 705 at Mon Feb 27 00:52:35 2017

VAL gifted AR a gift worth 531 at Mon Feb 27 00:52:35 2017

VAL gifted AR a gift worth 567 at Mon Feb 27 00:52:35 2017

VAM gifted AG a gift worth 469 at Mon Feb 27 00:52:35 2017

VAM gifted AG a gift worth 348 at Mon Feb 27 00:52:35 2017

VAM gifted AG a gift worth 411 at Mon Feb 27 00:52:35 2017

VAN gifted AU a gift worth 442 at Mon Feb 27 00:52:35 2017

VAN gifted AU a gift worth 534 at Mon Feb 27 00:52:35 2017

VAO gifted AI a gift worth 522 at Mon Feb 27 00:52:35 2017

VAO gifted AI a gift worth 693 at Mon Feb 27 00:52:35 2017

VAP gifted AY a gift worth 532 at Mon Feb 27 00:52:35 2017

VAP gifted AY a gift worth 713 at Mon Feb 27 00:52:35 2017

VAQ gifted AH a gift worth 477 at Mon Feb 27 00:52:35 2017

VAQ gifted AH a gift worth 529 at Mon Feb 27 00:52:35 2017

VAR gifted AZ a gift worth 509 at Mon Feb 27 00:52:35 2017

VAR gifted AZ a gift worth 453 at Mon Feb 27 00:52:35 2017

VAS gifted AN a gift worth 666 at Mon Feb 27 00:52:35 2017

VAU gifted AM a gift worth 348 at Mon Feb 27 00:52:35 2017

VAU gifted AM a gift worth 741 at Mon Feb 27 00:52:35 2017

VAV gifted AQ a gift worth 613 at Mon Feb 27 00:52:35 2017

VAW gifted AS a gift worth 415 at Mon Feb 27 00:52:35 2017

VAW gifted AS a gift worth 588 at Mon Feb 27 00:52:35 2017

VBN gifted AO a gift worth 463 at Mon Feb 27 00:52:35 2017

VBN gifted AO a gift worth 533 at Mon Feb 27 00:52:35 2017

VBR gifted AJ a gift worth 721 at Mon Feb 27 00:52:35 2017

VBR gifted AJ a gift worth 696 at Mon Feb 27 00:52:35 2017

VBW gifted AT a gift worth 546 at Mon Feb 27 00:52:35 2017

VBW gifted AT a gift worth 253 at Mon Feb 27 00:52:35 2017

VBW gifted AT a gift worth 624 at Mon Feb 27 00:52:35 2017

VCM gifted AW a gift worth 732 at Mon Feb 27 00:52:35 2017

VCM gifted AW a gift worth 252 at Mon Feb 27 00:52:35 2017

VIL gifted AV a gift worth 354 at Mon Feb 27 00:52:35 2017

VIL gifted AV a gift worth 459 at Mon Feb 27 00:52:35 2017

VIL gifted AV a gift worth 541 at Mon Feb 27 00:52:35 2017

VIP gifted AX a gift worth 447 at Mon Feb 27 00:52:35 2017

VIP gifted AX a gift worth 662 at Mon Feb 27 00:52:35 2017

Girl AA is committed to VAG at Mon Feb 27 02:30:50 2017

Girl AB is committed to VAA at Mon Feb 27 02:30:50 2017

Girl AC is committed to VAD at Mon Feb 27 02:30:50 2017

Girl AD is committed to VAJ at Mon Feb 27 02:30:50 2017

Girl AE is committed to VAE at Mon Feb 27 02:30:50 2017

Girl AF is committed to VAB at Mon Feb 27 02:30:50 2017

Girl AG is committed to VAM at Mon Feb 27 02:30:50 2017

Girl AH is committed to VAQ at Mon Feb 27 02:30:50 2017

Girl AI is committed to VAO at Mon Feb 27 02:30:50 2017

Girl AJ is committed to VBR at Mon Feb 27 02:30:50 2017

Girl AK is committed to VAF at Mon Feb 27 02:30:50 2017

Girl AL is committed to VAH at Mon Feb 27 02:30:50 2017

Girl AM is committed to VAU at Mon Feb 27 02:30:50 2017

Girl AN is committed to VAS at Mon Feb 27 02:30:50 2017

Girl AO is committed to VBN at Mon Feb 27 02:30:50 2017

Girl AP is committed to VAI at Mon Feb 27 02:30:50 2017

Girl AQ is committed to VAV at Mon Feb 27 02:30:50 2017

Girl AR is committed to VAL at Mon Feb 27 02:30:50 2017

Girl AS is committed to VAW at Mon Feb 27 02:30:50 2017

Girl AT is committed to VBW at Mon Feb 27 02:30:50 2017

Girl AU is committed to VAN at Mon Feb 27 02:30:50 2017

Girl AV is committed to VIL at Mon Feb 27 02:30:50 2017

Girl AW is committed to VCM at Mon Feb 27 02:30:50 2017

Girl AX is committed to VIP at Mon Feb 27 02:30:50 2017

Girl AY is committed to VAP at Mon Feb 27 02:30:50 2017

Girl AZ is committed to VAR at Mon Feb 27 02:30:50 2017

VAA gifted AB a gift worth 372 at Mon Feb 27 02:30:50 2017

VAA gifted AB a gift worth 541 at Mon Feb 27 02:30:50 2017

VAB gifted AF a gift worth 604 at Mon Feb 27 02:30:50 2017

VAD gifted AC a gift worth 681 at Mon Feb 27 02:30:50 2017

VAE gifted AE a gift worth 550 at Mon Feb 27 02:30:50 2017

VAE gifted AE a gift worth 633 at Mon Feb 27 02:30:50 2017

VAF gifted AK a gift worth 685 at Mon Feb 27 02:30:50 2017

VAG gifted AA a gift worth 482 at Mon Feb 27 02:30:50 2017

VAG gifted AA a gift worth 731 at Mon Feb 27 02:30:50 2017

VAH gifted AL a gift worth 520 at Mon Feb 27 02:30:50 2017

VAH gifted AL a gift worth 657 at Mon Feb 27 02:30:50 2017

VAI gifted AP a gift worth 277 at Mon Feb 27 02:30:50 2017

VAI gifted AP a gift worth 459 at Mon Feb 27 02:30:50 2017

VAJ gifted AD a gift worth 341 at Mon Feb 27 02:30:50 2017

VAJ gifted AD a gift worth 705 at Mon Feb 27 02:30:50 2017

VAL gifted AR a gift worth 531 at Mon Feb 27 02:30:50 2017

VAL gifted AR a gift worth 567 at Mon Feb 27 02:30:50 2017

VAM gifted AG a gift worth 469 at Mon Feb 27 02:30:50 2017

VAM gifted AG a gift worth 348 at Mon Feb 27 02:30:50 2017

VAM gifted AG a gift worth 411 at Mon Feb 27 02:30:50 2017

VAN gifted AU a gift worth 442 at Mon Feb 27 02:30:50 2017

VAN gifted AU a gift worth 534 at Mon Feb 27 02:30:50 2017

VAO gifted AI a gift worth 522 at Mon Feb 27 02:30:50 2017

VAO gifted AI a gift worth 693 at Mon Feb 27 02:30:50 2017

VAP gifted AY a gift worth 532 at Mon Feb 27 02:30:50 2017

VAP gifted AY a gift worth 713 at Mon Feb 27 02:30:50 2017

VAQ gifted AH a gift worth 477 at Mon Feb 27 02:30:50 2017

VAQ gifted AH a gift worth 529 at Mon Feb 27 02:30:50 2017

VAR gifted AZ a gift worth 509 at Mon Feb 27 02:30:50 2017

VAR gifted AZ a gift worth 453 at Mon Feb 27 02:30:50 2017

VAS gifted AN a gift worth 666 at Mon Feb 27 02:30:50 2017

VAU gifted AM a gift worth 348 at Mon Feb 27 02:30:50 2017

VAU gifted AM a gift worth 741 at Mon Feb 27 02:30:50 2017

VAV gifted AQ a gift worth 613 at Mon Feb 27 02:30:50 2017

VAW gifted AS a gift worth 415 at Mon Feb 27 02:30:50 2017

VAW gifted AS a gift worth 588 at Mon Feb 27 02:30:50 2017

VBN gifted AO a gift worth 463 at Mon Feb 27 02:30:50 2017

VBN gifted AO a gift worth 533 at Mon Feb 27 02:30:50 2017

VBR gifted AJ a gift worth 721 at Mon Feb 27 02:30:50 2017

VBR gifted AJ a gift worth 696 at Mon Feb 27 02:30:50 2017

VBW gifted AT a gift worth 546 at Mon Feb 27 02:30:50 2017

VBW gifted AT a gift worth 253 at Mon Feb 27 02:30:50 2017

VBW gifted AT a gift worth 624 at Mon Feb 27 02:30:50 2017

VCM gifted AW a gift worth 732 at Mon Feb 27 02:30:50 2017

VCM gifted AW a gift worth 252 at Mon Feb 27 02:30:50 2017

VIL gifted AV a gift worth 354 at Mon Feb 27 02:30:50 2017

VIL gifted AV a gift worth 459 at Mon Feb 27 02:30:50 2017

VIL gifted AV a gift worth 541 at Mon Feb 27 02:30:50 2017

VIP gifted AX a gift worth 447 at Mon Feb 27 02:30:50 2017

VIP gifted AX a gift worth 662 at Mon Feb 27 02:30:50 2017

Girl AA is committed to VAG at Mon Apr 10 01:54:37 2017

Girl AB is committed to VAA at Mon Apr 10 01:54:37 2017

Girl AC is committed to VAD at Mon Apr 10 01:54:37 2017

Girl AD is committed to VAJ at Mon Apr 10 01:54:37 2017

Girl AE is committed to VAE at Mon Apr 10 01:54:37 2017

Girl AF is committed to VAB at Mon Apr 10 01:54:37 2017

Girl AG is committed to VAM at Mon Apr 10 01:54:37 2017

Girl AH is committed to VAQ at Mon Apr 10 01:54:37 2017

Girl AI is committed to VAO at Mon Apr 10 01:54:37 2017

Girl AJ is committed to VBR at Mon Apr 10 01:54:37 2017

Girl AK is committed to VAF at Mon Apr 10 01:54:37 2017

Girl AL is committed to VAH at Mon Apr 10 01:54:37 2017

Girl AM is committed to VAU at Mon Apr 10 01:54:37 2017

Girl AN is committed to VAS at Mon Apr 10 01:54:37 2017

Girl AO is committed to VBN at Mon Apr 10 01:54:37 2017

Girl AP is committed to VAI at Mon Apr 10 01:54:37 2017

Girl AQ is committed to VAV at Mon Apr 10 01:54:37 2017

Girl AR is committed to VAL at Mon Apr 10 01:54:37 2017

Girl AS is committed to VAW at Mon Apr 10 01:54:37 2017

Girl AT is committed to VBW at Mon Apr 10 01:54:37 2017

Girl AU is committed to VAN at Mon Apr 10 01:54:37 2017

Girl AV is committed to VIL at Mon Apr 10 01:54:37 2017

Girl AW is committed to VCM at Mon Apr 10 01:54:37 2017

Girl AX is committed to VIP at Mon Apr 10 01:54:37 2017

Girl AY is committed to VAP at Mon Apr 10 01:54:37 2017

Girl AZ is committed to VAR at Mon Apr 10 01:54:37 2017

VAA gifted AB a gift worth 372 at Mon Apr 10 01:54:37 2017

VAA gifted AB a gift worth 541 at Mon Apr 10 01:54:37 2017

VAB gifted AF a gift worth 604 at Mon Apr 10 01:54:37 2017

VAD gifted AC a gift worth 681 at Mon Apr 10 01:54:37 2017

VAE gifted AE a gift worth 550 at Mon Apr 10 01:54:37 2017

VAE gifted AE a gift worth 633 at Mon Apr 10 01:54:37 2017

VAF gifted AK a gift worth 685 at Mon Apr 10 01:54:37 2017

VAG gifted AA a gift worth 482 at Mon Apr 10 01:54:37 2017

VAG gifted AA a gift worth 731 at Mon Apr 10 01:54:37 2017

VAH gifted AL a gift worth 520 at Mon Apr 10 01:54:37 2017

VAH gifted AL a gift worth 657 at Mon Apr 10 01:54:37 2017

VAI gifted AP a gift worth 277 at Mon Apr 10 01:54:37 2017

VAI gifted AP a gift worth 459 at Mon Apr 10 01:54:37 2017

VAJ gifted AD a gift worth 341 at Mon Apr 10 01:54:37 2017

VAJ gifted AD a gift worth 705 at Mon Apr 10 01:54:37 2017

VAL gifted AR a gift worth 531 at Mon Apr 10 01:54:37 2017

VAL gifted AR a gift worth 567 at Mon Apr 10 01:54:37 2017

VAM gifted AG a gift worth 469 at Mon Apr 10 01:54:37 2017

VAM gifted AG a gift worth 348 at Mon Apr 10 01:54:37 2017

VAM gifted AG a gift worth 411 at Mon Apr 10 01:54:37 2017

VAN gifted AU a gift worth 442 at Mon Apr 10 01:54:37 2017

VAN gifted AU a gift worth 534 at Mon Apr 10 01:54:37 2017

VAO gifted AI a gift worth 522 at Mon Apr 10 01:54:37 2017

VAO gifted AI a gift worth 693 at Mon Apr 10 01:54:37 2017

VAP gifted AY a gift worth 532 at Mon Apr 10 01:54:37 2017

VAP gifted AY a gift worth 713 at Mon Apr 10 01:54:37 2017

VAQ gifted AH a gift worth 477 at Mon Apr 10 01:54:37 2017

VAQ gifted AH a gift worth 529 at Mon Apr 10 01:54:37 2017

VAR gifted AZ a gift worth 509 at Mon Apr 10 01:54:37 2017

VAR gifted AZ a gift worth 453 at Mon Apr 10 01:54:37 2017

VAS gifted AN a gift worth 666 at Mon Apr 10 01:54:37 2017

VAU gifted AM a gift worth 348 at Mon Apr 10 01:54:37 2017

VAU gifted AM a gift worth 741 at Mon Apr 10 01:54:37 2017

VAV gifted AQ a gift worth 613 at Mon Apr 10 01:54:37 2017

VAW gifted AS a gift worth 415 at Mon Apr 10 01:54:37 2017

VAW gifted AS a gift worth 588 at Mon Apr 10 01:54:37 2017

VBN gifted AO a gift worth 463 at Mon Apr 10 01:54:37 2017

VBN gifted AO a gift worth 533 at Mon Apr 10 01:54:37 2017

VBR gifted AJ a gift worth 721 at Mon Apr 10 01:54:37 2017

VBR gifted AJ a gift worth 696 at Mon Apr 10 01:54:37 2017

VBW gifted AT a gift worth 546 at Mon Apr 10 01:54:37 2017

VBW gifted AT a gift worth 253 at Mon Apr 10 01:54:37 2017

VBW gifted AT a gift worth 624 at Mon Apr 10 01:54:37 2017

VCM gifted AW a gift worth 732 at Mon Apr 10 01:54:37 2017

VCM gifted AW a gift worth 252 at Mon Apr 10 01:54:37 2017

VIL gifted AV a gift worth 354 at Mon Apr 10 01:54:37 2017

VIL gifted AV a gift worth 459 at Mon Apr 10 01:54:37 2017

VIL gifted AV a gift worth 541 at Mon Apr 10 01:54:37 2017

VIP gifted AX a gift worth 447 at Mon Apr 10 01:54:37 2017

VIP gifted AX a gift worth 662 at Mon Apr 10 01:54:37 2017

Girl AA is committed to VAG at Mon Apr 10 01:59:24 2017

Girl AB is committed to VAA at Mon Apr 10 01:59:24 2017

Girl AC is committed to VAD at Mon Apr 10 01:59:24 2017

Girl AD is committed to VAJ at Mon Apr 10 01:59:24 2017

Girl AE is committed to VAE at Mon Apr 10 01:59:24 2017

Girl AF is committed to VAB at Mon Apr 10 01:59:24 2017

Girl AG is committed to VAM at Mon Apr 10 01:59:24 2017

Girl AH is committed to VAQ at Mon Apr 10 01:59:24 2017

Girl AI is committed to VAO at Mon Apr 10 01:59:24 2017

Girl AJ is committed to VBR at Mon Apr 10 01:59:24 2017

Girl AK is committed to VAF at Mon Apr 10 01:59:24 2017

Girl AL is committed to VAH at Mon Apr 10 01:59:24 2017

Girl AM is committed to VAU at Mon Apr 10 01:59:24 2017

Girl AN is committed to VAS at Mon Apr 10 01:59:24 2017

Girl AO is committed to VBN at Mon Apr 10 01:59:24 2017

Girl AP is committed to VAI at Mon Apr 10 01:59:24 2017

Girl AQ is committed to VAV at Mon Apr 10 01:59:24 2017

Girl AR is committed to VAL at Mon Apr 10 01:59:24 2017

Girl AS is committed to VAW at Mon Apr 10 01:59:24 2017

Girl AT is committed to VBW at Mon Apr 10 01:59:24 2017

Girl AU is committed to VAN at Mon Apr 10 01:59:24 2017

Girl AV is committed to VIL at Mon Apr 10 01:59:24 2017

Girl AW is committed to VCM at Mon Apr 10 01:59:24 2017

Girl AX is committed to VIP at Mon Apr 10 01:59:24 2017

Girl AY is committed to VAP at Mon Apr 10 01:59:24 2017

Girl AZ is committed to VAR at Mon Apr 10 01:59:24 2017

VAA gifted AB a gift worth 372 at Mon Apr 10 01:59:24 2017

VAA gifted AB a gift worth 541 at Mon Apr 10 01:59:24 2017

VAB gifted AF a gift worth 604 at Mon Apr 10 01:59:24 2017

VAD gifted AC a gift worth 681 at Mon Apr 10 01:59:24 2017

VAE gifted AE a gift worth 550 at Mon Apr 10 01:59:24 2017

VAE gifted AE a gift worth 633 at Mon Apr 10 01:59:24 2017

VAF gifted AK a gift worth 685 at Mon Apr 10 01:59:24 2017

VAG gifted AA a gift worth 482 at Mon Apr 10 01:59:24 2017

VAG gifted AA a gift worth 731 at Mon Apr 10 01:59:24 2017

VAH gifted AL a gift worth 520 at Mon Apr 10 01:59:24 2017

VAH gifted AL a gift worth 657 at Mon Apr 10 01:59:24 2017

VAI gifted AP a gift worth 277 at Mon Apr 10 01:59:24 2017

VAI gifted AP a gift worth 459 at Mon Apr 10 01:59:24 2017

VAJ gifted AD a gift worth 341 at Mon Apr 10 01:59:24 2017

VAJ gifted AD a gift worth 705 at Mon Apr 10 01:59:24 2017

VAL gifted AR a gift worth 531 at Mon Apr 10 01:59:24 2017

VAL gifted AR a gift worth 567 at Mon Apr 10 01:59:24 2017

VAM gifted AG a gift worth 469 at Mon Apr 10 01:59:24 2017

VAM gifted AG a gift worth 348 at Mon Apr 10 01:59:24 2017

VAM gifted AG a gift worth 411 at Mon Apr 10 01:59:24 2017

VAN gifted AU a gift worth 442 at Mon Apr 10 01:59:24 2017

VAN gifted AU a gift worth 534 at Mon Apr 10 01:59:24 2017

VAO gifted AI a gift worth 522 at Mon Apr 10 01:59:24 2017

VAO gifted AI a gift worth 693 at Mon Apr 10 01:59:24 2017

VAP gifted AY a gift worth 532 at Mon Apr 10 01:59:24 2017

VAP gifted AY a gift worth 713 at Mon Apr 10 01:59:24 2017

VAQ gifted AH a gift worth 477 at Mon Apr 10 01:59:24 2017

VAQ gifted AH a gift worth 529 at Mon Apr 10 01:59:24 2017

VAR gifted AZ a gift worth 509 at Mon Apr 10 01:59:24 2017

VAR gifted AZ a gift worth 453 at Mon Apr 10 01:59:24 2017

VAS gifted AN a gift worth 666 at Mon Apr 10 01:59:24 2017

VAU gifted AM a gift worth 348 at Mon Apr 10 01:59:24 2017

VAU gifted AM a gift worth 741 at Mon Apr 10 01:59:24 2017

VAV gifted AQ a gift worth 613 at Mon Apr 10 01:59:24 2017

VAW gifted AS a gift worth 415 at Mon Apr 10 01:59:24 2017

VAW gifted AS a gift worth 588 at Mon Apr 10 01:59:24 2017

VBN gifted AO a gift worth 463 at Mon Apr 10 01:59:24 2017

VBN gifted AO a gift worth 533 at Mon Apr 10 01:59:24 2017

VBR gifted AJ a gift worth 721 at Mon Apr 10 01:59:24 2017

VBR gifted AJ a gift worth 696 at Mon Apr 10 01:59:24 2017

VBW gifted AT a gift worth 546 at Mon Apr 10 01:59:24 2017

VBW gifted AT a gift worth 253 at Mon Apr 10 01:59:24 2017

VBW gifted AT a gift worth 624 at Mon Apr 10 01:59:24 2017

VCM gifted AW a gift worth 732 at Mon Apr 10 01:59:24 2017

VCM gifted AW a gift worth 252 at Mon Apr 10 01:59:24 2017

VIL gifted AV a gift worth 354 at Mon Apr 10 01:59:24 2017

VIL gifted AV a gift worth 459 at Mon Apr 10 01:59:24 2017

VIL gifted AV a gift worth 541 at Mon Apr 10 01:59:24 2017

VIP gifted AX a gift worth 447 at Mon Apr 10 01:59:24 2017

VIP gifted AX a gift worth 662 at Mon Apr 10 01:59:24 2017

Girl AA is committed to VAG at Mon Apr 10 01:59:56 2017

Girl AB is committed to VAA at Mon Apr 10 01:59:56 2017

Girl AC is committed to VAD at Mon Apr 10 01:59:56 2017

Girl AD is committed to VAJ at Mon Apr 10 01:59:56 2017

Girl AE is committed to VAE at Mon Apr 10 01:59:56 2017

Girl AF is committed to VAB at Mon Apr 10 01:59:56 2017

Girl AG is committed to VAM at Mon Apr 10 01:59:56 2017

Girl AH is committed to VAQ at Mon Apr 10 01:59:56 2017

Girl AI is committed to VAO at Mon Apr 10 01:59:56 2017

Girl AJ is committed to VBR at Mon Apr 10 01:59:56 2017

Girl AK is committed to VAF at Mon Apr 10 01:59:56 2017

Girl AL is committed to VAH at Mon Apr 10 01:59:56 2017

Girl AM is committed to VAU at Mon Apr 10 01:59:56 2017

Girl AN is committed to VAS at Mon Apr 10 01:59:56 2017

Girl AO is committed to VBN at Mon Apr 10 01:59:56 2017

Girl AP is committed to VAI at Mon Apr 10 01:59:56 2017

Girl AQ is committed to VAV at Mon Apr 10 01:59:56 2017

Girl AR is committed to VAL at Mon Apr 10 01:59:56 2017

Girl AS is committed to VAW at Mon Apr 10 01:59:56 2017

Girl AT is committed to VBW at Mon Apr 10 01:59:56 2017

Girl AU is committed to VAN at Mon Apr 10 01:59:56 2017

Girl AV is committed to VIL at Mon Apr 10 01:59:56 2017

Girl AW is committed to VCM at Mon Apr 10 01:59:56 2017

Girl AX is committed to VIP at Mon Apr 10 01:59:56 2017

Girl AY is committed to VAP at Mon Apr 10 01:59:56 2017

Girl AZ is committed to VAR at Mon Apr 10 01:59:56 2017

VAA gifted AB a gift worth 372 at Mon Apr 10 01:59:56 2017

VAA gifted AB a gift worth 541 at Mon Apr 10 01:59:56 2017

VAB gifted AF a gift worth 604 at Mon Apr 10 01:59:56 2017

VAD gifted AC a gift worth 681 at Mon Apr 10 01:59:56 2017

VAE gifted AE a gift worth 550 at Mon Apr 10 01:59:56 2017

VAE gifted AE a gift worth 633 at Mon Apr 10 01:59:56 2017

VAF gifted AK a gift worth 685 at Mon Apr 10 01:59:56 2017

VAG gifted AA a gift worth 482 at Mon Apr 10 01:59:56 2017

VAG gifted AA a gift worth 731 at Mon Apr 10 01:59:56 2017

VAH gifted AL a gift worth 520 at Mon Apr 10 01:59:56 2017

VAH gifted AL a gift worth 657 at Mon Apr 10 01:59:56 2017

VAI gifted AP a gift worth 277 at Mon Apr 10 01:59:56 2017

VAI gifted AP a gift worth 459 at Mon Apr 10 01:59:56 2017

VAJ gifted AD a gift worth 341 at Mon Apr 10 01:59:56 2017

VAJ gifted AD a gift worth 705 at Mon Apr 10 01:59:56 2017

VAL gifted AR a gift worth 531 at Mon Apr 10 01:59:56 2017

VAL gifted AR a gift worth 567 at Mon Apr 10 01:59:56 2017

VAM gifted AG a gift worth 469 at Mon Apr 10 01:59:56 2017

VAM gifted AG a gift worth 348 at Mon Apr 10 01:59:56 2017

VAM gifted AG a gift worth 411 at Mon Apr 10 01:59:56 2017

VAN gifted AU a gift worth 442 at Mon Apr 10 01:59:56 2017

VAN gifted AU a gift worth 534 at Mon Apr 10 01:59:56 2017

VAO gifted AI a gift worth 522 at Mon Apr 10 01:59:56 2017

VAO gifted AI a gift worth 693 at Mon Apr 10 01:59:56 2017

VAP gifted AY a gift worth 532 at Mon Apr 10 01:59:56 2017

VAP gifted AY a gift worth 713 at Mon Apr 10 01:59:56 2017

VAQ gifted AH a gift worth 477 at Mon Apr 10 01:59:56 2017

VAQ gifted AH a gift worth 529 at Mon Apr 10 01:59:56 2017

VAR gifted AZ a gift worth 509 at Mon Apr 10 01:59:56 2017

VAR gifted AZ a gift worth 453 at Mon Apr 10 01:59:56 2017

VAS gifted AN a gift worth 666 at Mon Apr 10 01:59:56 2017

VAU gifted AM a gift worth 348 at Mon Apr 10 01:59:56 2017

VAU gifted AM a gift worth 741 at Mon Apr 10 01:59:56 2017

VAV gifted AQ a gift worth 613 at Mon Apr 10 01:59:56 2017

VAW gifted AS a gift worth 415 at Mon Apr 10 01:59:56 2017

VAW gifted AS a gift worth 588 at Mon Apr 10 01:59:56 2017

VBN gifted AO a gift worth 463 at Mon Apr 10 01:59:56 2017

VBN gifted AO a gift worth 533 at Mon Apr 10 01:59:56 2017

VBR gifted AJ a gift worth 721 at Mon Apr 10 01:59:56 2017

VBR gifted AJ a gift worth 696 at Mon Apr 10 01:59:56 2017

VBW gifted AT a gift worth 546 at Mon Apr 10 01:59:56 2017

VBW gifted AT a gift worth 253 at Mon Apr 10 01:59:56 2017

VBW gifted AT a gift worth 624 at Mon Apr 10 01:59:56 2017

VCM gifted AW a gift worth 732 at Mon Apr 10 01:59:56 2017

VCM gifted AW a gift worth 252 at Mon Apr 10 01:59:56 2017

VIL gifted AV a gift worth 354 at Mon Apr 10 01:59:56 2017

VIL gifted AV a gift worth 459 at Mon Apr 10 01:59:56 2017

VIL gifted AV a gift worth 541 at Mon Apr 10 01:59:56 2017

VIP gifted AX a gift worth 447 at Mon Apr 10 01:59:56 2017

VIP gifted AX a gift worth 662 at Mon Apr 10 01:59:56 2017

Girl AA is committed to VAG at Mon Apr 10 02:02:04 2017

Girl AB is committed to VAA at Mon Apr 10 02:02:04 2017

Girl AC is committed to VAD at Mon Apr 10 02:02:04 2017

Girl AD is committed to VAJ at Mon Apr 10 02:02:04 2017

Girl AE is committed to VAE at Mon Apr 10 02:02:04 2017

Girl AF is committed to VAB at Mon Apr 10 02:02:04 2017

Girl AG is committed to VAM at Mon Apr 10 02:02:04 2017

Girl AH is committed to VAQ at Mon Apr 10 02:02:04 2017

Girl AI is committed to VAO at Mon Apr 10 02:02:04 2017

Girl AJ is committed to VBR at Mon Apr 10 02:02:04 2017

Girl AK is committed to VAF at Mon Apr 10 02:02:04 2017

Girl AL is committed to VAH at Mon Apr 10 02:02:04 2017

Girl AM is committed to VAU at Mon Apr 10 02:02:04 2017

Girl AN is committed to VAS at Mon Apr 10 02:02:04 2017

Girl AO is committed to VBN at Mon Apr 10 02:02:04 2017

Girl AP is committed to VAI at Mon Apr 10 02:02:04 2017

Girl AQ is committed to VAV at Mon Apr 10 02:02:04 2017

Girl AR is committed to VAL at Mon Apr 10 02:02:04 2017

Girl AS is committed to VAW at Mon Apr 10 02:02:04 2017

Girl AT is committed to VBW at Mon Apr 10 02:02:04 2017

Girl AU is committed to VAN at Mon Apr 10 02:02:04 2017

Girl AV is committed to VIL at Mon Apr 10 02:02:04 2017

Girl AW is committed to VCM at Mon Apr 10 02:02:04 2017

Girl AX is committed to VIP at Mon Apr 10 02:02:04 2017

Girl AY is committed to VAP at Mon Apr 10 02:02:04 2017

Girl AZ is committed to VAR at Mon Apr 10 02:02:04 2017

VAA gifted AB a gift worth 372 at Mon Apr 10 02:02:04 2017

VAA gifted AB a gift worth 541 at Mon Apr 10 02:02:04 2017

VAB gifted AF a gift worth 604 at Mon Apr 10 02:02:04 2017

VAD gifted AC a gift worth 681 at Mon Apr 10 02:02:04 2017

VAE gifted AE a gift worth 550 at Mon Apr 10 02:02:04 2017

VAE gifted AE a gift worth 633 at Mon Apr 10 02:02:04 2017

VAF gifted AK a gift worth 685 at Mon Apr 10 02:02:04 2017

VAG gifted AA a gift worth 482 at Mon Apr 10 02:02:04 2017

VAG gifted AA a gift worth 731 at Mon Apr 10 02:02:04 2017

VAH gifted AL a gift worth 520 at Mon Apr 10 02:02:04 2017

VAH gifted AL a gift worth 657 at Mon Apr 10 02:02:04 2017

VAI gifted AP a gift worth 277 at Mon Apr 10 02:02:04 2017

VAI gifted AP a gift worth 459 at Mon Apr 10 02:02:04 2017

VAJ gifted AD a gift worth 341 at Mon Apr 10 02:02:04 2017

VAJ gifted AD a gift worth 705 at Mon Apr 10 02:02:04 2017

VAL gifted AR a gift worth 531 at Mon Apr 10 02:02:04 2017

VAL gifted AR a gift worth 567 at Mon Apr 10 02:02:04 2017

VAM gifted AG a gift worth 469 at Mon Apr 10 02:02:04 2017

VAM gifted AG a gift worth 348 at Mon Apr 10 02:02:04 2017

VAM gifted AG a gift worth 411 at Mon Apr 10 02:02:04 2017

VAN gifted AU a gift worth 442 at Mon Apr 10 02:02:04 2017

VAN gifted AU a gift worth 534 at Mon Apr 10 02:02:04 2017

VAO gifted AI a gift worth 522 at Mon Apr 10 02:02:04 2017

VAO gifted AI a gift worth 693 at Mon Apr 10 02:02:04 2017

VAP gifted AY a gift worth 532 at Mon Apr 10 02:02:04 2017

VAP gifted AY a gift worth 713 at Mon Apr 10 02:02:04 2017

VAQ gifted AH a gift worth 477 at Mon Apr 10 02:02:04 2017

VAQ gifted AH a gift worth 529 at Mon Apr 10 02:02:04 2017

VAR gifted AZ a gift worth 509 at Mon Apr 10 02:02:04 2017

VAR gifted AZ a gift worth 453 at Mon Apr 10 02:02:04 2017

VAS gifted AN a gift worth 666 at Mon Apr 10 02:02:04 2017

VAU gifted AM a gift worth 348 at Mon Apr 10 02:02:04 2017

VAU gifted AM a gift worth 741 at Mon Apr 10 02:02:04 2017

VAV gifted AQ a gift worth 613 at Mon Apr 10 02:02:04 2017

VAW gifted AS a gift worth 415 at Mon Apr 10 02:02:04 2017

VAW gifted AS a gift worth 588 at Mon Apr 10 02:02:04 2017

VBN gifted AO a gift worth 463 at Mon Apr 10 02:02:04 2017

VBN gifted AO a gift worth 533 at Mon Apr 10 02:02:04 2017

VBR gifted AJ a gift worth 721 at Mon Apr 10 02:02:04 2017

VBR gifted AJ a gift worth 696 at Mon Apr 10 02:02:04 2017

VBW gifted AT a gift worth 546 at Mon Apr 10 02:02:04 2017

VBW gifted AT a gift worth 253 at Mon Apr 10 02:02:04 2017

VBW gifted AT a gift worth 624 at Mon Apr 10 02:02:04 2017

VCM gifted AW a gift worth 732 at Mon Apr 10 02:02:04 2017

VCM gifted AW a gift worth 252 at Mon Apr 10 02:02:04 2017

VIL gifted AV a gift worth 354 at Mon Apr 10 02:02:04 2017

VIL gifted AV a gift worth 459 at Mon Apr 10 02:02:04 2017

VIL gifted AV a gift worth 541 at Mon Apr 10 02:02:04 2017

VIP gifted AX a gift worth 447 at Mon Apr 10 02:02:04 2017

VIP gifted AX a gift worth 662 at Mon Apr 10 02:02:04 2017

Girl AA is committed to VAG at Mon Apr 10 02:04:35 2017

Girl AB is committed to VAA at Mon Apr 10 02:04:35 2017

Girl AC is committed to VAD at Mon Apr 10 02:04:35 2017

Girl AD is committed to VAJ at Mon Apr 10 02:04:35 2017

Girl AE is committed to VAE at Mon Apr 10 02:04:35 2017

Girl AF is committed to VAB at Mon Apr 10 02:04:35 2017

Girl AG is committed to VAM at Mon Apr 10 02:04:35 2017

Girl AH is committed to VAQ at Mon Apr 10 02:04:35 2017

Girl AI is committed to VAO at Mon Apr 10 02:04:35 2017

Girl AJ is committed to VBR at Mon Apr 10 02:04:35 2017

Girl AK is committed to VAF at Mon Apr 10 02:04:35 2017

Girl AL is committed to VAH at Mon Apr 10 02:04:35 2017

Girl AM is committed to VAU at Mon Apr 10 02:04:35 2017

Girl AN is committed to VAS at Mon Apr 10 02:04:35 2017

Girl AO is committed to VBN at Mon Apr 10 02:04:35 2017

Girl AP is committed to VAI at Mon Apr 10 02:04:35 2017

Girl AQ is committed to VAV at Mon Apr 10 02:04:35 2017

Girl AR is committed to VAL at Mon Apr 10 02:04:35 2017

Girl AS is committed to VAW at Mon Apr 10 02:04:35 2017

Girl AT is committed to VBW at Mon Apr 10 02:04:35 2017

Girl AU is committed to VAN at Mon Apr 10 02:04:35 2017

Girl AV is committed to VIL at Mon Apr 10 02:04:35 2017

Girl AW is committed to VCM at Mon Apr 10 02:04:35 2017

Girl AX is committed to VIP at Mon Apr 10 02:04:35 2017

Girl AY is committed to VAP at Mon Apr 10 02:04:35 2017

Girl AZ is committed to VAR at Mon Apr 10 02:04:35 2017

VAA gifted AB a gift worth 372 at Mon Apr 10 02:04:35 2017

VAA gifted AB a gift worth 541 at Mon Apr 10 02:04:35 2017

VAB gifted AF a gift worth 604 at Mon Apr 10 02:04:35 2017

VAD gifted AC a gift worth 681 at Mon Apr 10 02:04:35 2017

VAE gifted AE a gift worth 550 at Mon Apr 10 02:04:35 2017

VAE gifted AE a gift worth 633 at Mon Apr 10 02:04:35 2017

VAF gifted AK a gift worth 685 at Mon Apr 10 02:04:35 2017

VAG gifted AA a gift worth 482 at Mon Apr 10 02:04:35 2017

VAG gifted AA a gift worth 731 at Mon Apr 10 02:04:35 2017

VAH gifted AL a gift worth 520 at Mon Apr 10 02:04:35 2017

VAH gifted AL a gift worth 657 at Mon Apr 10 02:04:35 2017

VAI gifted AP a gift worth 277 at Mon Apr 10 02:04:35 2017

VAI gifted AP a gift worth 459 at Mon Apr 10 02:04:35 2017

VAJ gifted AD a gift worth 341 at Mon Apr 10 02:04:35 2017

VAJ gifted AD a gift worth 705 at Mon Apr 10 02:04:35 2017

VAL gifted AR a gift worth 531 at Mon Apr 10 02:04:35 2017

VAL gifted AR a gift worth 567 at Mon Apr 10 02:04:35 2017

VAM gifted AG a gift worth 469 at Mon Apr 10 02:04:35 2017

VAM gifted AG a gift worth 348 at Mon Apr 10 02:04:35 2017

VAM gifted AG a gift worth 411 at Mon Apr 10 02:04:35 2017

VAN gifted AU a gift worth 442 at Mon Apr 10 02:04:35 2017

VAN gifted AU a gift worth 534 at Mon Apr 10 02:04:35 2017

VAO gifted AI a gift worth 522 at Mon Apr 10 02:04:35 2017

VAO gifted AI a gift worth 693 at Mon Apr 10 02:04:35 2017

VAP gifted AY a gift worth 532 at Mon Apr 10 02:04:35 2017

VAP gifted AY a gift worth 713 at Mon Apr 10 02:04:35 2017

VAQ gifted AH a gift worth 477 at Mon Apr 10 02:04:35 2017

VAQ gifted AH a gift worth 529 at Mon Apr 10 02:04:35 2017

VAR gifted AZ a gift worth 509 at Mon Apr 10 02:04:35 2017

VAR gifted AZ a gift worth 453 at Mon Apr 10 02:04:35 2017

VAS gifted AN a gift worth 666 at Mon Apr 10 02:04:35 2017

VAU gifted AM a gift worth 348 at Mon Apr 10 02:04:35 2017

VAU gifted AM a gift worth 741 at Mon Apr 10 02:04:35 2017

VAV gifted AQ a gift worth 613 at Mon Apr 10 02:04:35 2017

VAW gifted AS a gift worth 415 at Mon Apr 10 02:04:35 2017

VAW gifted AS a gift worth 588 at Mon Apr 10 02:04:35 2017

VBN gifted AO a gift worth 463 at Mon Apr 10 02:04:35 2017

VBN gifted AO a gift worth 533 at Mon Apr 10 02:04:35 2017

VBR gifted AJ a gift worth 721 at Mon Apr 10 02:04:35 2017

VBR gifted AJ a gift worth 696 at Mon Apr 10 02:04:35 2017

VBW gifted AT a gift worth 546 at Mon Apr 10 02:04:35 2017

VBW gifted AT a gift worth 253 at Mon Apr 10 02:04:35 2017

VBW gifted AT a gift worth 624 at Mon Apr 10 02:04:35 2017

VCM gifted AW a gift worth 732 at Mon Apr 10 02:04:35 2017

VCM gifted AW a gift worth 252 at Mon Apr 10 02:04:35 2017

VIL gifted AV a gift worth 354 at Mon Apr 10 02:04:35 2017

VIL gifted AV a gift worth 459 at Mon Apr 10 02:04:35 2017

VIL gifted AV a gift worth 541 at Mon Apr 10 02:04:35 2017

VIP gifted AX a gift worth 447 at Mon Apr 10 02:04:35 2017

VIP gifted AX a gift worth 662 at Mon Apr 10 02:04:35 2017

Girl AP broke up with VAI at Mon Apr 10 02:04:35 2017

Girl AZ broke up with VAR at Mon Apr 10 02:04:35 2017

Girl AD broke up with VAJ at Mon Apr 10 02:04:35 2017

Girl AT broke up with VBW at Mon Apr 10 02:04:35 2017

Girl AJ broke up with VBR at Mon Apr 10 02:04:35 2017

Girl AA is committed to VAG at Mon Apr 10 02:05:14 2017

Girl AB is committed to VAA at Mon Apr 10 02:05:14 2017

Girl AC is committed to VAD at Mon Apr 10 02:05:14 2017

Girl AD is committed to VAJ at Mon Apr 10 02:05:14 2017

Girl AE is committed to VAE at Mon Apr 10 02:05:14 2017

Girl AF is committed to VAB at Mon Apr 10 02:05:14 2017

Girl AG is committed to VAM at Mon Apr 10 02:05:14 2017

Girl AH is committed to VAQ at Mon Apr 10 02:05:14 2017

Girl AI is committed to VAO at Mon Apr 10 02:05:14 2017

Girl AJ is committed to VBR at Mon Apr 10 02:05:14 2017

Girl AK is committed to VAF at Mon Apr 10 02:05:14 2017

Girl AL is committed to VAH at Mon Apr 10 02:05:14 2017

Girl AM is committed to VAU at Mon Apr 10 02:05:14 2017

Girl AN is committed to VAS at Mon Apr 10 02:05:14 2017

Girl AO is committed to VBN at Mon Apr 10 02:05:14 2017

Girl AP is committed to VAI at Mon Apr 10 02:05:14 2017

Girl AQ is committed to VAV at Mon Apr 10 02:05:14 2017

Girl AR is committed to VAL at Mon Apr 10 02:05:14 2017

Girl AS is committed to VAW at Mon Apr 10 02:05:14 2017

Girl AT is committed to VBW at Mon Apr 10 02:05:14 2017

Girl AU is committed to VAN at Mon Apr 10 02:05:14 2017

Girl AV is committed to VIL at Mon Apr 10 02:05:14 2017

Girl AW is committed to VCM at Mon Apr 10 02:05:14 2017

Girl AX is committed to VIP at Mon Apr 10 02:05:14 2017

Girl AY is committed to VAP at Mon Apr 10 02:05:14 2017

Girl AZ is committed to VAR at Mon Apr 10 02:05:14 2017

VAA gifted AB a gift worth 372 at Mon Apr 10 02:05:14 2017

VAA gifted AB a gift worth 541 at Mon Apr 10 02:05:14 2017

VAB gifted AF a gift worth 604 at Mon Apr 10 02:05:14 2017

VAD gifted AC a gift worth 681 at Mon Apr 10 02:05:14 2017

VAE gifted AE a gift worth 550 at Mon Apr 10 02:05:14 2017

VAE gifted AE a gift worth 633 at Mon Apr 10 02:05:14 2017

VAF gifted AK a gift worth 685 at Mon Apr 10 02:05:14 2017

VAG gifted AA a gift worth 482 at Mon Apr 10 02:05:14 2017

VAG gifted AA a gift worth 731 at Mon Apr 10 02:05:14 2017

VAH gifted AL a gift worth 520 at Mon Apr 10 02:05:14 2017

VAH gifted AL a gift worth 657 at Mon Apr 10 02:05:14 2017

VAI gifted AP a gift worth 277 at Mon Apr 10 02:05:14 2017

VAI gifted AP a gift worth 459 at Mon Apr 10 02:05:14 2017

VAJ gifted AD a gift worth 341 at Mon Apr 10 02:05:14 2017

VAJ gifted AD a gift worth 705 at Mon Apr 10 02:05:14 2017

VAL gifted AR a gift worth 531 at Mon Apr 10 02:05:14 2017

VAL gifted AR a gift worth 567 at Mon Apr 10 02:05:14 2017

VAM gifted AG a gift worth 469 at Mon Apr 10 02:05:14 2017

VAM gifted AG a gift worth 348 at Mon Apr 10 02:05:14 2017

VAM gifted AG a gift worth 411 at Mon Apr 10 02:05:14 2017

VAN gifted AU a gift worth 442 at Mon Apr 10 02:05:14 2017

VAN gifted AU a gift worth 534 at Mon Apr 10 02:05:14 2017

VAO gifted AI a gift worth 522 at Mon Apr 10 02:05:14 2017

VAO gifted AI a gift worth 693 at Mon Apr 10 02:05:14 2017

VAP gifted AY a gift worth 532 at Mon Apr 10 02:05:14 2017

VAP gifted AY a gift worth 713 at Mon Apr 10 02:05:14 2017

VAQ gifted AH a gift worth 477 at Mon Apr 10 02:05:14 2017

VAQ gifted AH a gift worth 529 at Mon Apr 10 02:05:14 2017

VAR gifted AZ a gift worth 509 at Mon Apr 10 02:05:14 2017

VAR gifted AZ a gift worth 453 at Mon Apr 10 02:05:14 2017

VAS gifted AN a gift worth 666 at Mon Apr 10 02:05:14 2017

VAU gifted AM a gift worth 348 at Mon Apr 10 02:05:14 2017

VAU gifted AM a gift worth 741 at Mon Apr 10 02:05:14 2017

VAV gifted AQ a gift worth 613 at Mon Apr 10 02:05:14 2017

VAW gifted AS a gift worth 415 at Mon Apr 10 02:05:14 2017

VAW gifted AS a gift worth 588 at Mon Apr 10 02:05:14 2017

VBN gifted AO a gift worth 463 at Mon Apr 10 02:05:14 2017

VBN gifted AO a gift worth 533 at Mon Apr 10 02:05:14 2017

VBR gifted AJ a gift worth 721 at Mon Apr 10 02:05:14 2017

VBR gifted AJ a gift worth 696 at Mon Apr 10 02:05:14 2017

VBW gifted AT a gift worth 546 at Mon Apr 10 02:05:14 2017

VBW gifted AT a gift worth 253 at Mon Apr 10 02:05:14 2017

VBW gifted AT a gift worth 624 at Mon Apr 10 02:05:14 2017

VCM gifted AW a gift worth 732 at Mon Apr 10 02:05:14 2017

VCM gifted AW a gift worth 252 at Mon Apr 10 02:05:14 2017

VIL gifted AV a gift worth 354 at Mon Apr 10 02:05:14 2017

VIL gifted AV a gift worth 459 at Mon Apr 10 02:05:14 2017

VIL gifted AV a gift worth 541 at Mon Apr 10 02:05:14 2017

VIP gifted AX a gift worth 447 at Mon Apr 10 02:05:14 2017

VIP gifted AX a gift worth 662 at Mon Apr 10 02:05:14 2017

Girl AP broke up with VAI at Mon Apr 10 02:05:14 2017

Girl AZ broke up with VAR at Mon Apr 10 02:05:14 2017

Girl AD broke up with VAJ at Mon Apr 10 02:05:14 2017

Girl AT broke up with VBW at Mon Apr 10 02:05:14 2017

Girl AJ broke up with VBR at Mon Apr 10 02:05:14 2017

